SF:lib/bdlogging.dart
DA:73,2
DA:74,2
DA:76,2
DA:83,2
DA:89,2
DA:108,3
DA:111,2
DA:116,1
DA:117,2
DA:118,1
DA:123,2
DA:124,4
DA:129,2
DA:130,4
DA:131,4
DA:134,4
DA:140,1
DA:141,2
DA:146,2
DA:153,2
DA:155,1
DA:163,2
DA:164,2
DA:169,2
DA:176,2
DA:178,1
DA:186,1
DA:187,1
DA:193,2
DA:200,2
DA:202,1
DA:218,2
DA:225,2
DA:233,4
DA:235,2
DA:237,2
DA:238,4
DA:244,2
DA:245,2
DA:247,4
DA:248,6
DA:253,6
DA:255,4
DA:256,2
DA:259,3
DA:262,4
DA:266,4
DA:269,2
DA:270,4
DA:271,2
DA:272,1
DA:273,2
DA:275,4
DA:277,8
DA:279,4
DA:280,4
DA:281,6
DA:285,4
DA:286,1
DA:290,2
DA:291,2
DA:295,2
DA:296,4
DA:298,4
DA:299,4
DA:301,2
DA:303,3
DA:308,2
DA:309,1
DA:310,1
DA:317,2
DA:318,2
DA:319,2
DA:320,1
LF:74
LH:74
end_of_record
SF:lib/src/bd_log_handler.dart
DA:9,6
LF:1
LH:1
end_of_record
SF:lib/src/bd_cleanable_log_handler.dart
DA:6,5
LF:1
LH:1
end_of_record
SF:lib/src/bd_level.dart
DA:28,1
DA:29,3
DA:31,1
DA:32,3
DA:35,4
DA:38,4
DA:41,4
DA:44,4
LF:8
LH:8
end_of_record
SF:lib/src/bd_log_error.dart
DA:10,1
LF:1
LH:1
end_of_record
SF:lib/src/bd_log_record.dart
DA:11,7
DA:18,7
DA:20,7
DA:42,2
DA:45,1
DA:46,3
DA:47,3
DA:48,3
DA:49,3
DA:50,3
DA:51,0
DA:52,0
DA:54,1
DA:55,1
DA:56,1
DA:57,1
DA:58,1
DA:59,1
DA:60,1
DA:61,1
DA:64,1
DA:66,4
DA:67,3
LF:23
LH:21
end_of_record
SF:lib/src/bd_log_formatter.dart
DA:7,22
LF:1
LH:1
end_of_record
SF:lib/src/formatters/default_log_formatter.dart
DA:12,22
DA:15,18
DA:17,6
DA:19,18
DA:21,6
DA:22,6
DA:23,6
DA:24,30
DA:25,18
DA:27,6
DA:28,9
DA:30,6
DA:32,3
DA:33,9
DA:36,6
LF:15
LH:15
end_of_record
SF:lib/src/handlers/console_log_handler.dart
DA:31,1
DA:36,1
DA:39,2
DA:50,1
DA:66,1
DA:68,2
DA:71,1
DA:72,6
DA:75,1
DA:76,2
DA:82,1
DA:85,1
DA:86,1
DA:87,1
DA:88,1
DA:89,1
DA:90,1
DA:91,1
DA:92,1
DA:93,1
DA:94,1
LF:21
LH:21
end_of_record
SF:lib/src/handlers/encrypted_isolate_file_log_handler.dart
DA:11,10
DA:38,11
DA:58,1
DA:63,2
DA:64,1
DA:65,1
DA:66,2
DA:67,2
DA:68,2
DA:69,2
DA:70,1
DA:83,1
DA:85,3
DA:88,1
DA:90,1
DA:91,1
DA:94,1
DA:95,1
DA:96,6
DA:99,1
DA:100,1
DA:101,1
DA:104,1
DA:106,2
DA:107,1
DA:108,1
DA:110,1
DA:111,1
DA:112,1
DA:113,1
DA:117,1
DA:118,1
DA:119,1
DA:123,1
DA:126,1
DA:130,1
DA:133,2
DA:134,2
DA:139,3
DA:140,2
DA:141,1
DA:144,2
DA:145,0
DA:148,1
DA:151,1
DA:155,4
DA:158,1
DA:159,4
DA:162,1
DA:163,1
DA:164,1
DA:167,1
DA:168,2
DA:171,1
DA:172,4
DA:175,1
DA:176,1
DA:179,1
DA:181,2
DA:187,0
DA:188,0
DA:192,0
DA:199,1
DA:200,1
DA:204,2
DA:205,3
DA:206,1
DA:209,0
DA:212,1
DA:215,1
DA:216,1
DA:217,2
DA:218,1
DA:219,1
DA:225,1
DA:226,1
DA:229,1
DA:230,3
LF:78
LH:73
end_of_record
SF:lib/src/handlers/file_log_handler.dart
DA:67,4
DA:79,8
DA:83,8
DA:87,8
DA:133,1
DA:134,2
DA:136,4
DA:138,12
DA:140,4
DA:143,16
DA:145,8
DA:146,1
DA:148,1
DA:151,16
DA:155,1
DA:157,2
DA:158,2
DA:160,2
DA:162,3
DA:163,1
DA:168,1
DA:170,3
DA:171,2
DA:173,1
DA:176,3
DA:180,1
DA:181,3
DA:182,1
DA:187,4
DA:189,8
DA:190,8
DA:191,4
DA:199,4
DA:201,4
DA:202,1
DA:205,4
DA:207,8
DA:209,4
DA:215,4
DA:217,4
DA:219,8
DA:223,7
DA:224,6
DA:226,6
DA:227,1
DA:229,1
DA:230,1
DA:239,4
DA:242,12
DA:244,16
DA:246,8
DA:252,1
DA:254,2
DA:255,1
DA:256,2
DA:259,1
DA:260,2
DA:266,1
DA:275,1
DA:277,1
DA:279,1
DA:286,1
DA:289,3
DA:291,1
DA:297,4
DA:299,4
DA:302,1
DA:304,1
DA:306,1
DA:307,2
LF:70
LH:70
end_of_record
SF:lib/src/handlers/isolate_file_log_handler.dart
DA:44,3
DA:56,6
DA:58,6
DA:62,6
DA:65,6
DA:69,3
DA:74,3
DA:115,2
DA:116,2
DA:120,1
DA:122,1
DA:125,3
DA:127,6
DA:130,3
DA:131,3
DA:132,3
DA:133,6
DA:135,3
DA:137,9
DA:138,3
DA:139,3
DA:142,3
DA:143,3
DA:145,3
DA:146,6
DA:147,3
DA:148,3
DA:151,3
DA:166,3
DA:171,3
DA:172,3
DA:173,3
DA:174,3
DA:182,3
DA:186,3
DA:187,3
DA:188,3
DA:189,3
DA:190,3
DA:191,3
DA:193,15
DA:200,3
DA:201,3
DA:208,3
DA:209,6
DA:210,6
DA:212,9
DA:213,6
DA:217,1
DA:218,2
DA:220,3
DA:224,7
DA:225,4
DA:227,6
DA:228,6
DA:229,6
DA:239,1
DA:241,2
DA:255,3
DA:257,6
DA:263,3
DA:264,3
DA:275,3
DA:276,6
DA:277,12
DA:278,9
DA:279,3
DA:280,3
DA:281,3
DA:282,3
DA:283,3
DA:284,3
DA:286,0
DA:288,3
DA:289,3
DA:290,6
DA:292,6
DA:293,6
DA:304,3
DA:305,6
DA:306,3
DA:307,3
DA:308,3
DA:309,3
DA:310,6
DA:312,3
DA:315,3
DA:316,3
DA:317,0
DA:319,6
DA:322,3
DA:323,6
DA:326,3
DA:329,6
DA:330,6
DA:331,6
DA:332,3
DA:338,3
DA:349,3
LF:99
LH:97
end_of_record
SF:lib/src/security/sensitive_data_encryptor.dart
DA:21,9
DA:53,2
DA:57,2
DA:58,2
DA:59,6
DA:60,4
DA:61,6
DA:62,4
DA:63,2
DA:64,6
DA:66,6
DA:67,6
DA:86,2
DA:88,2
DA:92,2
DA:93,4
DA:95,4
DA:96,2
DA:101,2
DA:102,4
DA:103,2
DA:104,4
DA:105,6
DA:107,4
DA:110,1
DA:112,1
DA:116,1
DA:117,2
DA:118,7
DA:119,0
DA:122,3
DA:123,2
DA:124,1
DA:125,2
DA:126,1
DA:127,2
DA:128,1
DA:129,1
DA:131,1
DA:133,2
DA:134,2
DA:138,1
DA:141,2
DA:142,4
DA:143,2
DA:148,2
DA:149,2
DA:150,4
DA:151,6
LF:49
LH:48
end_of_record
SF:lib/src/security/sensitive_data_matcher.dart
DA:7,2
DA:22,0
DA:29,2
DA:41,2
DA:47,6
DA:48,2
DA:49,2
DA:55,2
DA:56,2
DA:63,2
DA:64,2
DA:69,2
DA:70,2
DA:77,2
DA:79,2
DA:80,8
DA:81,6
DA:82,4
DA:83,4
DA:84,4
DA:85,4
DA:90,4
DA:91,6
DA:92,2
DA:95,0
DA:101,2
DA:102,2
DA:103,2
DA:105,2
DA:108,2
DA:109,2
DA:110,2
DA:112,2
DA:115,2
DA:116,2
DA:117,2
DA:119,0
DA:121,2
DA:122,2
DA:123,0
DA:125,4
DA:128,2
DA:129,2
DA:130,2
DA:131,0
DA:133,2
DA:135,0
DA:137,4
LF:48
LH:42
end_of_record
