SF:lib/src/bd_level.dart
DA:28,1
DA:29,3
DA:31,1
DA:32,3
DA:35,4
DA:38,4
DA:41,4
DA:44,4
LF:8
LH:8
end_of_record
SF:lib/src/bd_log_record.dart
DA:10,6
DA:16,6
DA:18,6
DA:40,2
DA:43,1
DA:44,3
DA:45,3
DA:46,3
DA:47,3
DA:48,3
DA:49,0
DA:50,0
DA:52,1
DA:53,1
DA:54,1
DA:55,1
DA:56,1
DA:57,1
DA:58,1
DA:59,1
DA:62,1
DA:64,4
DA:65,3
LF:23
LH:21
end_of_record
SF:lib/src/formatters/default_log_formatter.dart
DA:12,16
DA:15,15
DA:17,5
DA:19,15
DA:21,5
DA:22,5
DA:23,5
DA:24,25
DA:25,15
DA:27,5
DA:28,9
DA:30,5
DA:32,3
DA:33,9
DA:36,5
LF:15
LH:15
end_of_record
SF:lib/bdlogging.dart
DA:70,2
DA:71,2
DA:73,2
DA:80,2
DA:86,2
DA:105,3
DA:108,2
DA:113,1
DA:114,2
DA:115,1
DA:120,2
DA:121,4
DA:126,2
DA:127,4
DA:128,4
DA:131,4
DA:137,1
DA:138,2
DA:143,2
DA:150,2
DA:152,1
DA:160,2
DA:161,2
DA:166,2
DA:173,2
DA:175,1
DA:183,1
DA:184,1
DA:190,2
DA:197,2
DA:199,1
DA:215,2
DA:222,2
DA:230,4
DA:232,2
DA:234,2
DA:235,4
DA:241,2
DA:242,2
DA:244,4
DA:245,6
DA:250,6
DA:252,4
DA:253,2
DA:256,3
DA:259,4
DA:263,4
DA:266,2
DA:267,4
DA:268,2
DA:269,1
DA:270,2
DA:272,4
DA:274,8
DA:276,4
DA:277,4
DA:278,6
DA:282,4
DA:283,1
DA:287,2
DA:288,2
DA:292,2
DA:293,4
DA:295,4
DA:296,4
DA:298,2
DA:300,3
DA:305,2
DA:306,1
DA:307,1
DA:314,2
DA:315,2
DA:316,2
DA:317,1
LF:74
LH:74
end_of_record
SF:lib/src/bd_cleanable_log_handler.dart
DA:6,4
LF:1
LH:1
end_of_record
SF:lib/src/bd_log_error.dart
DA:10,1
LF:1
LH:1
end_of_record
SF:lib/src/bd_log_handler.dart
DA:9,5
LF:1
LH:1
end_of_record
SF:lib/src/bd_log_formatter.dart
DA:7,16
LF:1
LH:1
end_of_record
SF:lib/src/handlers/console_log_handler.dart
DA:31,1
DA:36,1
DA:39,2
DA:50,1
DA:66,1
DA:68,2
DA:71,1
DA:72,6
DA:75,1
DA:76,2
DA:82,1
DA:85,1
DA:86,1
DA:87,1
DA:88,1
DA:89,1
DA:90,1
DA:91,1
DA:92,1
DA:93,1
DA:94,1
LF:21
LH:21
end_of_record
SF:lib/src/handlers/file_log_handler.dart
DA:67,3
DA:79,6
DA:83,6
DA:87,6
DA:133,1
DA:134,2
DA:136,3
DA:138,9
DA:140,3
DA:143,12
DA:145,6
DA:146,1
DA:148,1
DA:151,12
DA:155,1
DA:157,2
DA:158,2
DA:160,2
DA:162,3
DA:163,1
DA:168,1
DA:170,3
DA:171,2
DA:173,1
DA:176,3
DA:180,1
DA:181,3
DA:182,1
DA:187,3
DA:189,6
DA:190,6
DA:191,3
DA:199,3
DA:201,3
DA:202,1
DA:205,3
DA:207,6
DA:209,3
DA:215,3
DA:217,3
DA:219,6
DA:223,6
DA:224,6
DA:226,6
DA:227,1
DA:229,1
DA:230,1
DA:239,3
DA:242,9
DA:244,12
DA:246,6
DA:252,1
DA:254,2
DA:255,1
DA:256,2
DA:259,1
DA:260,2
DA:266,1
DA:275,1
DA:277,1
DA:279,1
DA:286,1
DA:289,3
DA:291,1
DA:297,3
DA:299,3
DA:302,1
DA:304,1
DA:306,1
DA:307,2
LF:70
LH:70
end_of_record
SF:lib/src/handlers/isolate_file_log_handler.dart
DA:44,2
DA:56,4
DA:58,4
DA:62,4
DA:65,4
DA:69,2
DA:74,2
DA:115,2
DA:116,2
DA:120,1
DA:122,1
DA:125,2
DA:127,4
DA:130,2
DA:131,2
DA:132,2
DA:133,4
DA:135,2
DA:137,6
DA:138,2
DA:139,2
DA:142,2
DA:143,2
DA:145,2
DA:146,4
DA:147,2
DA:148,2
DA:151,2
DA:166,2
DA:171,2
DA:172,2
DA:173,2
DA:174,2
DA:182,2
DA:186,2
DA:187,2
DA:188,2
DA:189,2
DA:190,2
DA:191,2
DA:193,10
DA:200,2
DA:201,2
DA:208,2
DA:209,4
DA:210,4
DA:212,6
DA:213,4
DA:217,1
DA:218,2
DA:220,2
DA:224,6
DA:225,4
DA:227,4
DA:228,4
DA:229,4
DA:239,1
DA:241,2
DA:255,2
DA:257,4
DA:263,2
DA:264,2
DA:275,2
DA:276,4
DA:277,8
DA:278,6
DA:279,2
DA:280,2
DA:281,2
DA:282,2
DA:283,2
DA:284,2
DA:286,0
DA:288,2
DA:289,2
DA:290,4
DA:292,4
DA:293,4
DA:304,2
DA:305,4
DA:306,2
DA:307,2
DA:308,2
DA:309,2
DA:310,4
DA:312,2
DA:315,2
DA:316,2
DA:317,0
DA:319,4
DA:322,2
DA:323,4
DA:326,2
DA:329,4
DA:330,4
DA:331,4
DA:332,2
DA:338,2
DA:349,2
LF:99
LH:97
end_of_record
